TN:
SF:src\config\plugins\envs.plugin.ts
FNF:0
FNH:0
DA:1,1
DA:2,1
DA:3,1
DA:4,1
DA:5,1
DA:6,1
DA:7,1
DA:8,1
DA:9,1
DA:10,1
DA:11,1
DA:12,1
DA:13,1
DA:14,1
DA:15,1
DA:16,1
DA:17,1
LF:17
LH:17
BRF:0
BRH:0
end_of_record
TN:
SF:src\data\mongo\index.ts
FNF:0
FNH:0
DA:1,1
DA:2,1
LF:2
LH:2
BRF:0
BRH:0
end_of_record
TN:
SF:src\data\mongo\init.ts
FN:12,connect
FNF:1
FNH:1
FNDA:4,connect
DA:1,1
DA:2,1
DA:3,1
DA:4,1
DA:5,1
DA:6,1
DA:7,1
DA:8,1
DA:9,1
DA:10,1
DA:11,1
DA:12,1
DA:13,4
DA:14,4
DA:15,4
DA:16,4
DA:17,4
DA:18,3
DA:19,3
DA:20,3
DA:21,3
DA:22,1
DA:23,1
DA:24,1
DA:25,4
DA:26,4
DA:27,4
DA:28,1
DA:29,1
LF:29
LH:29
BRDA:12,0,0,4
BRDA:18,1,0,3
BRDA:21,2,0,1
BRF:3
BRH:3
end_of_record
TN:
SF:src\data\mongo\models\log.model.ts
FNF:0
FNH:0
DA:1,1
DA:2,1
DA:3,1
DA:4,1
DA:5,1
DA:6,1
DA:7,1
DA:8,1
DA:9,1
DA:10,1
DA:11,1
DA:12,1
DA:13,1
DA:14,1
DA:15,1
DA:16,1
DA:17,1
DA:18,1
DA:19,1
DA:20,1
DA:21,1
DA:22,1
DA:23,1
DA:24,1
DA:25,1
DA:26,1
LF:26
LH:26
BRF:0
BRH:0
end_of_record
TN:
SF:src\domain\entities\log.entity.ts
FN:20,LogEntity
FN:28,fromJson
FN:42,fromObject
FNF:3
FNH:3
FNDA:81,LogEntity
FNDA:9,fromJson
FNDA:3,fromObject
DA:1,8
DA:2,8
DA:3,8
DA:4,8
DA:5,8
DA:6,1
DA:7,1
DA:8,1
DA:9,1
DA:10,1
DA:11,1
DA:12,1
DA:13,1
DA:14,1
DA:15,1
DA:16,1
DA:17,1
DA:18,1
DA:19,1
DA:20,1
DA:21,81
DA:22,81
DA:23,81
DA:24,81
DA:25,81
DA:26,81
DA:27,1
DA:28,1
DA:29,9
DA:30,9
DA:31,9
DA:32,9
DA:33,9
DA:34,9
DA:35,9
DA:36,9
DA:37,9
DA:38,9
DA:39,9
DA:40,9
DA:41,1
DA:42,1
DA:43,3
DA:44,3
DA:45,3
DA:46,3
DA:47,3
DA:48,3
DA:49,3
DA:50,3
DA:51,3
DA:52,3
DA:53,3
DA:54,1
LF:54
LH:54
BRDA:1,0,0,8
BRDA:20,1,0,81
BRDA:28,2,0,9
BRDA:30,3,0,3
BRDA:30,4,0,6
BRDA:42,5,0,3
BRF:6
BRH:6
end_of_record
TN:
SF:src\domain\use-cases\checks\check-service-multiple.ts
FN:17,CheckServiceMultiple
FN:23,callLogs
FN:27,execute
FNF:3
FNH:3
FNDA:21,CheckServiceMultiple
FNDA:23,callLogs
FNDA:21,execute
DA:1,1
DA:2,1
DA:3,1
DA:4,1
DA:5,1
DA:6,1
DA:7,1
DA:8,1
DA:9,1
DA:10,1
DA:11,1
DA:12,1
DA:13,1
DA:14,1
DA:15,1
DA:16,1
DA:17,1
DA:18,21
DA:19,21
DA:20,21
DA:21,21
DA:22,1
DA:23,1
DA:24,23
DA:25,23
DA:26,1
DA:27,1
DA:28,21
DA:29,21
DA:30,21
DA:31,21
DA:32,2
DA:33,2
DA:34,13
DA:35,13
DA:36,13
DA:37,13
DA:38,13
DA:39,13
DA:40,13
DA:41,21
DA:42,21
DA:43,21
DA:44,21
DA:45,10
DA:46,10
DA:47,10
DA:48,10
DA:49,10
DA:50,10
DA:51,10
DA:52,10
DA:53,10
DA:54,10
DA:55,10
DA:56,10
DA:57,21
DA:58,21
DA:59,1
DA:60,1
LF:60
LH:60
BRDA:17,0,0,21
BRDA:23,1,0,23
BRDA:24,2,0,56
BRDA:27,3,0,21
BRDA:31,4,0,15
BRDA:31,5,0,2
BRDA:34,6,0,13
BRDA:41,7,0,10
BRDA:44,8,0,10
BRDA:53,9,0,8
BRF:10
BRH:10
end_of_record
TN:
SF:src\domain\use-cases\checks\check-service.ts
FN:17,CheckService
FN:24,execute
FNF:2
FNH:2
FNDA:14,CheckService
FNDA:23,execute
DA:1,1
DA:2,1
DA:3,1
DA:4,1
DA:5,1
DA:6,1
DA:7,1
DA:8,1
DA:9,1
DA:10,1
DA:11,1
DA:12,1
DA:13,1
DA:14,1
DA:15,1
DA:16,1
DA:17,1
DA:18,14
DA:19,14
DA:20,14
DA:21,14
DA:22,1
DA:23,1
DA:24,1
DA:25,23
DA:26,23
DA:27,23
DA:28,23
DA:29,8
DA:30,8
DA:31,9
DA:32,9
DA:33,9
DA:34,9
DA:35,9
DA:36,9
DA:37,9
DA:38,23
DA:39,23
DA:40,23
DA:41,23
DA:42,14
DA:43,14
DA:44,14
DA:45,14
DA:46,14
DA:47,14
DA:48,14
DA:49,14
DA:50,14
DA:51,14
DA:52,14
DA:53,14
DA:54,23
DA:55,23
DA:56,1
DA:57,1
LF:57
LH:57
BRDA:17,0,0,14
BRDA:24,1,0,23
BRDA:28,2,0,17
BRDA:28,3,0,8
BRDA:31,4,0,9
BRDA:38,5,0,8
BRDA:41,6,0,14
BRF:7
BRH:7
end_of_record
TN:
SF:src\domain\use-cases\email\send-email-logs.ts
FN:10,SendEmailLogs
FN:15,execute
FNF:2
FNH:2
FNDA:17,SendEmailLogs
FNDA:31,execute
DA:1,1
DA:2,1
DA:3,1
DA:4,1
DA:5,1
DA:6,1
DA:7,1
DA:8,1
DA:9,1
DA:10,1
DA:11,17
DA:12,17
DA:13,17
DA:14,1
DA:15,1
DA:16,31
DA:17,31
DA:18,22
DA:19,31
DA:20,5
DA:21,5
DA:22,17
DA:23,17
DA:24,31
DA:25,14
DA:26,14
DA:27,14
DA:28,14
DA:29,14
DA:30,14
DA:31,14
DA:32,14
DA:33,31
DA:34,1
LF:34
LH:34
BRDA:10,0,0,17
BRDA:15,1,0,31
BRDA:18,2,0,22
BRDA:19,3,0,5
BRDA:22,4,0,17
BRDA:24,5,0,14
BRF:6
BRH:6
end_of_record
TN:
SF:src\infrastructure\datasources\file-system.datasource.ts
FN:15,FileSystemDatasource
FN:19,FileSystemDatasource.createLogsFiles
FN:54,FileSystemDatasource.getLogsFromFile
FN:36,saveLog
FN:68,getLogs
FNF:5
FNH:5
FNDA:8,FileSystemDatasource
FNDA:8,FileSystemDatasource.createLogsFiles
FNDA:3,FileSystemDatasource.getLogsFromFile
FNDA:6,saveLog
FNDA:4,getLogs
DA:1,1
DA:2,1
DA:3,1
DA:4,1
DA:5,1
DA:6,1
DA:7,1
DA:8,1
DA:9,1
DA:10,1
DA:11,1
DA:12,1
DA:13,1
DA:14,1
DA:15,1
DA:16,8
DA:17,8
DA:18,1
DA:19,1
DA:20,8
DA:21,7
DA:22,7
DA:23,8
DA:24,8
DA:25,8
DA:26,8
DA:27,8
DA:28,8
DA:29,24
DA:30,21
DA:31,21
DA:32,8
DA:33,8
DA:34,1
DA:35,1
DA:36,1
DA:37,6
DA:38,6
DA:39,6
DA:40,6
DA:41,6
DA:42,6
DA:43,4
DA:44,6
DA:45,2
DA:46,2
DA:47,2
DA:48,2
DA:49,6
DA:50,6
DA:51,1
DA:52,1
DA:53,1
DA:54,1
DA:55,3
DA:56,3
DA:57,3
DA:58,3
DA:59,3
DA:60,3
DA:61,3
DA:62,3
DA:63,3
DA:64,3
DA:65,3
DA:66,1
DA:67,1
DA:68,1
DA:69,4
DA:70,4
DA:71,4
DA:72,1
DA:73,4
DA:74,4
DA:75,1
DA:76,4
DA:77,4
DA:78,1
DA:79,4
DA:80,4
DA:81,1
DA:82,4
DA:83,4
DA:84,4
DA:85,4
DA:86,1
DA:87,1
LF:87
LH:87
BRDA:15,0,0,8
BRDA:19,1,0,8
BRDA:20,2,0,7
BRDA:28,3,0,24
BRDA:29,4,0,3
BRDA:30,5,0,21
BRDA:54,6,0,3
BRDA:57,7,0,0
BRDA:36,8,0,6
BRDA:42,9,0,2
BRDA:43,10,0,4
BRDA:44,11,0,2
BRDA:68,12,0,4
BRDA:71,13,0,1
BRDA:74,14,0,1
BRDA:77,15,0,1
BRDA:80,16,0,1
BRF:17
BRH:16
end_of_record
TN:
SF:src\infrastructure\datasources\mongo-log.datasource.ts
FN:6,saveLog
FN:11,getLogs
FNF:2
FNH:2
FNDA:3,saveLog
FNDA:1,getLogs
DA:1,1
DA:2,1
DA:3,1
DA:4,1
DA:5,1
DA:6,1
DA:7,3
DA:8,3
DA:9,3
DA:10,3
DA:11,1
DA:12,1
DA:13,1
DA:14,1
DA:15,1
DA:16,1
DA:17,1
DA:18,1
DA:19,1
LF:19
LH:19
BRDA:6,0,0,3
BRDA:11,1,0,1
BRDA:15,2,0,2
BRF:3
BRH:3
end_of_record
TN:
SF:src\infrastructure\repositories\log.repository.impl.ts
FN:9,LogRepositoryImpl
FN:13,saveLog
FN:16,getLogs
FNF:3
FNH:3
FNDA:1,LogRepositoryImpl
FNDA:1,saveLog
FNDA:1,getLogs
DA:1,1
DA:2,1
DA:3,1
DA:4,1
DA:5,1
DA:6,1
DA:7,1
DA:8,1
DA:9,1
DA:10,1
DA:11,1
DA:12,1
DA:13,1
DA:14,1
DA:15,1
DA:16,1
DA:17,1
DA:18,1
DA:19,1
DA:20,1
LF:20
LH:20
BRDA:9,0,0,1
BRDA:13,1,0,1
BRDA:16,2,0,1
BRF:3
BRH:3
end_of_record
TN:
SF:src\presentation\cron\cron-service.ts
FN:8,createJob
FNF:1
FNH:1
FNDA:1,createJob
DA:1,1
DA:2,1
DA:3,1
DA:4,1
DA:5,1
DA:6,1
DA:7,1
DA:8,1
DA:9,1
DA:10,1
DA:11,1
DA:12,1
DA:13,1
DA:14,1
DA:15,1
DA:16,1
DA:17,1
DA:18,1
DA:19,1
DA:20,1
LF:20
LH:20
BRDA:8,0,0,1
BRF:1
BRH:1
end_of_record
TN:
SF:src\presentation\email\email.service.ts
FN:27,EmailService
FN:30,sendEmail
FN:54,sendEmailWithFileSystemLogs
FNF:3
FNH:3
FNDA:1,EmailService
FNDA:2,sendEmail
FNDA:1,sendEmailWithFileSystemLogs
DA:1,1
DA:2,1
DA:3,1
DA:4,1
DA:5,1
DA:6,1
DA:7,1
DA:8,1
DA:9,1
DA:10,1
DA:11,1
DA:12,1
DA:13,1
DA:14,1
DA:15,1
DA:16,1
DA:17,1
DA:18,1
DA:19,1
DA:20,1
DA:21,1
DA:22,1
DA:23,1
DA:24,1
DA:25,1
DA:26,1
DA:27,1
DA:28,1
DA:29,1
DA:30,1
DA:31,2
DA:32,2
DA:33,2
DA:34,2
DA:35,2
DA:36,2
DA:37,2
DA:38,2
DA:39,2
DA:40,2
DA:41,2
DA:42,2
DA:43,2
DA:44,2
DA:45,2
DA:46,2
DA:47,2
DA:48,0
DA:49,0
DA:50,2
DA:51,2
DA:52,1
DA:53,1
DA:54,1
DA:55,1
DA:56,1
DA:57,1
DA:58,1
DA:59,1
DA:60,1
DA:61,1
DA:62,1
DA:63,1
DA:64,1
DA:65,1
DA:66,1
DA:67,1
DA:68,1
DA:69,1
DA:70,1
DA:71,1
DA:72,1
DA:73,1
DA:74,1
DA:75,1
LF:75
LH:73
BRDA:27,0,0,1
BRDA:30,1,0,2
BRDA:47,2,0,0
BRDA:54,3,0,1
BRF:4
BRH:3
end_of_record
